{"$message_type":"diagnostic","message":"no function or associated item named `generate_random_parameters` found for struct `Groth16` in the current scope","code":{"code":"E0599","explanation":"This error occurs when a method is used on a type which doesn't implement it:\n\nErroneous code example:\n\n```compile_fail,E0599\nstruct Mouth;\n\nlet x = Mouth;\nx.chocolate(); // error: no method named `chocolate` found for type `Mouth`\n               //        in the current scope\n```\n\nIn this case, you need to implement the `chocolate` method to fix the error:\n\n```\nstruct Mouth;\n\nimpl Mouth {\n    fn chocolate(&self) { // We implement the `chocolate` method here.\n        println!(\"Hmmm! I love chocolate!\");\n    }\n}\n\nlet x = Mouth;\nx.chocolate(); // ok!\n```\n"},"level":"error","spans":[{"file_name":"src/proof_system.rs","byte_start":742,"byte_end":768,"line_start":18,"line_end":18,"column_start":36,"column_end":62,"is_primary":true,"text":[{"text":"    let params = Groth16::<Bn254>::generate_random_parameters(dummy_circuit, &mut rng)?;","highlight_start":36,"highlight_end":62}],"label":"function or associated item not found in `Groth16<Bn<Config>>`","suggested_replacement":null,"suggestion_applicability":null,"expansion":null}],"children":[{"message":"there is an associated function `generate_random_parameters_with_reduction` with a similar name","code":null,"level":"help","spans":[{"file_name":"src/proof_system.rs","byte_start":742,"byte_end":768,"line_start":18,"line_end":18,"column_start":36,"column_end":62,"is_primary":true,"text":[{"text":"    let params = Groth16::<Bn254>::generate_random_parameters(dummy_circuit, &mut rng)?;","highlight_start":36,"highlight_end":62}],"label":null,"suggested_replacement":"generate_random_parameters_with_reduction","suggestion_applicability":"MaybeIncorrect","expansion":null}],"children":[],"rendered":null}],"rendered":"\u001b[0m\u001b[1m\u001b[38;5;9merror[E0599]\u001b[0m\u001b[0m\u001b[1m: no function or associated item named `generate_random_parameters` found for struct `Groth16` in the current scope\u001b[0m\n\u001b[0m  \u001b[0m\u001b[0m\u001b[1m\u001b[38;5;12m--> \u001b[0m\u001b[0msrc/proof_system.rs:18:36\u001b[0m\n\u001b[0m   \u001b[0m\u001b[0m\u001b[1m\u001b[38;5;12m|\u001b[0m\n\u001b[0m\u001b[1m\u001b[38;5;12m18\u001b[0m\u001b[0m \u001b[0m\u001b[0m\u001b[1m\u001b[38;5;12m|\u001b[0m\u001b[0m \u001b[0m\u001b[0m    let params = Groth16::<Bn254>::generate_random_parameters(dummy_circuit, &mut rng)?;\u001b[0m\n\u001b[0m   \u001b[0m\u001b[0m\u001b[1m\u001b[38;5;12m|\u001b[0m\u001b[0m                                    \u001b[0m\u001b[0m\u001b[1m\u001b[38;5;9m^^^^^^^^^^^^^^^^^^^^^^^^^^\u001b[0m\u001b[0m \u001b[0m\u001b[0m\u001b[1m\u001b[38;5;9mfunction or associated item not found in `Groth16<Bn<Config>>`\u001b[0m\n\u001b[0m   \u001b[0m\u001b[0m\u001b[1m\u001b[38;5;12m|\u001b[0m\n\u001b[0m\u001b[1m\u001b[38;5;14mhelp\u001b[0m\u001b[0m: there is an associated function `generate_random_parameters_with_reduction` with a similar name\u001b[0m\n\u001b[0m   \u001b[0m\u001b[0m\u001b[1m\u001b[38;5;12m|\u001b[0m\n\u001b[0m\u001b[1m\u001b[38;5;12m18\u001b[0m\u001b[0m \u001b[0m\u001b[0m\u001b[1m\u001b[38;5;12m| \u001b[0m\u001b[0m    let params = Groth16::<Bn254>::\u001b[0m\u001b[0m\u001b[38;5;10mgenerate_random_parameters_with_reduction\u001b[0m\u001b[0m(dummy_circuit, &mut rng)?;\u001b[0m\n\u001b[0m   \u001b[0m\u001b[0m\u001b[1m\u001b[38;5;12m|\u001b[0m\u001b[0m                                    \u001b[0m\u001b[0m\u001b[38;5;10m~~~~~~~~~~~~~~~~~~~~~~~~~~~~~~~~~~~~~~~~~\u001b[0m\n\n"}
{"$message_type":"diagnostic","message":"no function or associated item named `create_random_proof` found for struct `Groth16` in the current scope","code":{"code":"E0599","explanation":"This error occurs when a method is used on a type which doesn't implement it:\n\nErroneous code example:\n\n```compile_fail,E0599\nstruct Mouth;\n\nlet x = Mouth;\nx.chocolate(); // error: no method named `chocolate` found for type `Mouth`\n               //        in the current scope\n```\n\nIn this case, you need to implement the `chocolate` method to fix the error:\n\n```\nstruct Mouth;\n\nimpl Mouth {\n    fn chocolate(&self) { // We implement the `chocolate` method here.\n        println!(\"Hmmm! I love chocolate!\");\n    }\n}\n\nlet x = Mouth;\nx.chocolate(); // ok!\n```\n"},"level":"error","spans":[{"file_name":"src/proof_system.rs","byte_start":1247,"byte_end":1266,"line_start":31,"line_end":31,"column_start":35,"column_end":54,"is_primary":true,"text":[{"text":"    let proof = Groth16::<Bn254>::create_random_proof(circuit, proving_key, &mut rng)?;","highlight_start":35,"highlight_end":54}],"label":"function or associated item not found in `Groth16<Bn<Config>>`","suggested_replacement":null,"suggestion_applicability":null,"expansion":null}],"children":[{"message":"there is an associated function `create_random_proof_with_reduction` with a similar name","code":null,"level":"help","spans":[{"file_name":"src/proof_system.rs","byte_start":1247,"byte_end":1266,"line_start":31,"line_end":31,"column_start":35,"column_end":54,"is_primary":true,"text":[{"text":"    let proof = Groth16::<Bn254>::create_random_proof(circuit, proving_key, &mut rng)?;","highlight_start":35,"highlight_end":54}],"label":null,"suggested_replacement":"create_random_proof_with_reduction","suggestion_applicability":"MaybeIncorrect","expansion":null}],"children":[],"rendered":null}],"rendered":"\u001b[0m\u001b[1m\u001b[38;5;9merror[E0599]\u001b[0m\u001b[0m\u001b[1m: no function or associated item named `create_random_proof` found for struct `Groth16` in the current scope\u001b[0m\n\u001b[0m  \u001b[0m\u001b[0m\u001b[1m\u001b[38;5;12m--> \u001b[0m\u001b[0msrc/proof_system.rs:31:35\u001b[0m\n\u001b[0m   \u001b[0m\u001b[0m\u001b[1m\u001b[38;5;12m|\u001b[0m\n\u001b[0m\u001b[1m\u001b[38;5;12m31\u001b[0m\u001b[0m \u001b[0m\u001b[0m\u001b[1m\u001b[38;5;12m|\u001b[0m\u001b[0m \u001b[0m\u001b[0m    let proof = Groth16::<Bn254>::create_random_proof(circuit, proving_key, &mut rng)?;\u001b[0m\n\u001b[0m   \u001b[0m\u001b[0m\u001b[1m\u001b[38;5;12m|\u001b[0m\u001b[0m                                   \u001b[0m\u001b[0m\u001b[1m\u001b[38;5;9m^^^^^^^^^^^^^^^^^^^\u001b[0m\u001b[0m \u001b[0m\u001b[0m\u001b[1m\u001b[38;5;9mfunction or associated item not found in `Groth16<Bn<Config>>`\u001b[0m\n\u001b[0m   \u001b[0m\u001b[0m\u001b[1m\u001b[38;5;12m|\u001b[0m\n\u001b[0m\u001b[1m\u001b[38;5;14mhelp\u001b[0m\u001b[0m: there is an associated function `create_random_proof_with_reduction` with a similar name\u001b[0m\n\u001b[0m   \u001b[0m\u001b[0m\u001b[1m\u001b[38;5;12m|\u001b[0m\n\u001b[0m\u001b[1m\u001b[38;5;12m31\u001b[0m\u001b[0m \u001b[0m\u001b[0m\u001b[1m\u001b[38;5;12m| \u001b[0m\u001b[0m    let proof = Groth16::<Bn254>::\u001b[0m\u001b[0m\u001b[38;5;10mcreate_random_proof_with_reduction\u001b[0m\u001b[0m(circuit, proving_key, &mut rng)?;\u001b[0m\n\u001b[0m   \u001b[0m\u001b[0m\u001b[1m\u001b[38;5;12m|\u001b[0m\u001b[0m                                   \u001b[0m\u001b[0m\u001b[38;5;10m~~~~~~~~~~~~~~~~~~~~~~~~~~~~~~~~~~\u001b[0m\n\n"}
{"$message_type":"diagnostic","message":"the trait bound `ark_relations_zypher::r1cs::constraint_system::Namespace<_>: From<ConstraintSystemRef<ark_ff::fields::models::fp::Fp<ark_ff::fields::models::fp::montgomery_backend::MontBackend<FrConfig, 4>, 4>>>` is not satisfied","code":{"code":"E0277","explanation":"You tried to use a type which doesn't implement some trait in a place which\nexpected that trait.\n\nErroneous code example:\n\n```compile_fail,E0277\n// here we declare the Foo trait with a bar method\ntrait Foo {\n    fn bar(&self);\n}\n\n// we now declare a function which takes an object implementing the Foo trait\nfn some_func<T: Foo>(foo: T) {\n    foo.bar();\n}\n\nfn main() {\n    // we now call the method with the i32 type, which doesn't implement\n    // the Foo trait\n    some_func(5i32); // error: the trait bound `i32 : Foo` is not satisfied\n}\n```\n\nIn order to fix this error, verify that the type you're using does implement\nthe trait. Example:\n\n```\ntrait Foo {\n    fn bar(&self);\n}\n\n// we implement the trait on the i32 type\nimpl Foo for i32 {\n    fn bar(&self) {}\n}\n\nfn some_func<T: Foo>(foo: T) {\n    foo.bar(); // we can now use this method since i32 implements the\n               // Foo trait\n}\n\nfn main() {\n    some_func(5i32); // ok!\n}\n```\n\nOr in a generic context, an erroneous code example would look like:\n\n```compile_fail,E0277\nfn some_func<T>(foo: T) {\n    println!(\"{:?}\", foo); // error: the trait `core::fmt::Debug` is not\n                           //        implemented for the type `T`\n}\n\nfn main() {\n    // We now call the method with the i32 type,\n    // which *does* implement the Debug trait.\n    some_func(5i32);\n}\n```\n\nNote that the error here is in the definition of the generic function. Although\nwe only call it with a parameter that does implement `Debug`, the compiler\nstill rejects the function. It must work with all possible input types. In\norder to make this example compile, we need to restrict the generic type we're\naccepting:\n\n```\nuse std::fmt;\n\n// Restrict the input type to types that implement Debug.\nfn some_func<T: fmt::Debug>(foo: T) {\n    println!(\"{:?}\", foo);\n}\n\nfn main() {\n    // Calling the method is still fine, as i32 implements Debug.\n    some_func(5i32);\n\n    // This would fail to compile now:\n    // struct WithoutDebug;\n    // some_func(WithoutDebug);\n}\n```\n\nRust only looks at the signature of the called function, as such it must\nalready specify all requirements that will be used for every type parameter.\n"},"level":"error","spans":[{"file_name":"src/circuits/age_verification/witness_calculator.rs","byte_start":788,"byte_end":798,"line_start":23,"line_end":23,"column_start":43,"column_end":53,"is_primary":true,"text":[{"text":"        let age_var = UInt64::new_witness(cs.clone(), || {","highlight_start":43,"highlight_end":53}],"label":"unsatisfied trait bound","suggested_replacement":null,"suggestion_applicability":null,"expansion":null},{"file_name":"src/circuits/age_verification/witness_calculator.rs","byte_start":768,"byte_end":787,"line_start":23,"line_end":23,"column_start":23,"column_end":42,"is_primary":false,"text":[{"text":"        let age_var = UInt64::new_witness(cs.clone(), || {","highlight_start":23,"highlight_end":42}],"label":"required by a bound introduced by this call","suggested_replacement":null,"suggestion_applicability":null,"expansion":null}],"children":[{"message":"the full name for the type has been written to '/Users/camerondenton/Desktop/Github/ZKP_Attribute_Verification_System/zkp_core/target/debug/deps/zkp_core-cafd32d8c91a142c.long-type-3547133021588487576.txt'","code":null,"level":"note","spans":[],"children":[],"rendered":null},{"message":"consider using `--verbose` to print the full type name to the console","code":null,"level":"note","spans":[],"children":[],"rendered":null},{"message":"the trait `From<ConstraintSystemRef<ark_ff::fields::models::fp::Fp<ark_ff::fields::models::fp::montgomery_backend::MontBackend<FrConfig, 4>, 4>>>` is not implemented for `ark_relations_zypher::r1cs::constraint_system::Namespace<_>`","code":null,"level":"help","spans":[],"children":[],"rendered":null},{"message":"the trait `From<ConstraintSystemRef<ark_ff::fields::models::fp::Fp<ark_ff::fields::models::fp::montgomery_backend::MontBackend<FrConfig, 4>, 4>>>` is not implemented for `ark_relations_zypher::r1cs::constraint_system::Namespace<_>`\nbut trait `From<ark_relations_zypher::r1cs::constraint_system::ConstraintSystemRef<_>>` is implemented for it","code":null,"level":"help","spans":[],"children":[],"rendered":null},{"message":"for that trait implementation, expected `ark_relations_zypher::r1cs::constraint_system::ConstraintSystemRef<_>`, found `ConstraintSystemRef<ark_ff::fields::models::fp::Fp<ark_ff::fields::models::fp::montgomery_backend::MontBackend<FrConfig, 4>, 4>>`","code":null,"level":"help","spans":[],"children":[],"rendered":null},{"message":"required for `ConstraintSystemRef<Fp<MontBackend<FrConfig, 4>, 4>>` to implement `Into<ark_relations_zypher::r1cs::constraint_system::Namespace<_>>`","code":null,"level":"note","spans":[],"children":[],"rendered":null},{"message":"required by a bound in `new_witness`","code":null,"level":"note","spans":[{"file_name":"/Users/camerondenton/.cargo/registry/src/index.crates.io-1949cf8c6b5b557f/ark-r1cs-std-zypher-0.4.0/src/alloc.rs","byte_start":2626,"byte_end":2637,"line_start":73,"line_end":73,"column_start":8,"column_end":19,"is_primary":false,"text":[{"text":"    fn new_witness<T: Borrow<V>>(","highlight_start":8,"highlight_end":19}],"label":"required by a bound in this associated function","suggested_replacement":null,"suggestion_applicability":null,"expansion":null},{"file_name":"/Users/camerondenton/.cargo/registry/src/index.crates.io-1949cf8c6b5b557f/ark-r1cs-std-zypher-0.4.0/src/alloc.rs","byte_start":2670,"byte_end":2688,"line_start":74,"line_end":74,"column_start":18,"column_end":36,"is_primary":true,"text":[{"text":"        cs: impl Into<Namespace<F>>,","highlight_start":18,"highlight_end":36}],"label":"required by this bound in `AllocVar::new_witness`","suggested_replacement":null,"suggestion_applicability":null,"expansion":null}],"children":[],"rendered":null},{"message":"the full name for the type has been written to '/Users/camerondenton/Desktop/Github/ZKP_Attribute_Verification_System/zkp_core/target/debug/deps/zkp_core-cafd32d8c91a142c.long-type-3547133021588487576.txt'","code":null,"level":"note","spans":[],"children":[],"rendered":null},{"message":"consider using `--verbose` to print the full type name to the console","code":null,"level":"note","spans":[],"children":[],"rendered":null},{"message":"consider removing this method call, as the receiver has type `ConstraintSystemRef<ark_ff::fields::models::fp::Fp<ark_ff::fields::models::fp::montgomery_backend::MontBackend<FrConfig, 4>, 4>>` and `ConstraintSystemRef<ark_ff::fields::models::fp::Fp<ark_ff::fields::models::fp::montgomery_backend::MontBackend<FrConfig, 4>, 4>>: From<ConstraintSystemRef<ark_ff::fields::models::fp::Fp<ark_ff::fields::models::fp::montgomery_backend::MontBackend<FrConfig, 4>, 4>>>` trivially holds","code":null,"level":"help","spans":[{"file_name":"src/circuits/age_verification/witness_calculator.rs","byte_start":790,"byte_end":798,"line_start":23,"line_end":23,"column_start":45,"column_end":53,"is_primary":true,"text":[{"text":"        let age_var = UInt64::new_witness(cs.clone(), || {","highlight_start":45,"highlight_end":53}],"label":null,"suggested_replacement":"","suggestion_applicability":"MaybeIncorrect","expansion":null}],"children":[],"rendered":null}],"rendered":"\u001b[0m\u001b[1m\u001b[38;5;9merror[E0277]\u001b[0m\u001b[0m\u001b[1m: the trait bound `ark_relations_zypher::r1cs::constraint_system::Namespace<_>: From<ConstraintSystemRef<ark_ff::fields::models::fp::Fp<ark_ff::fields::models::fp::montgomery_backend::MontBackend<FrConfig, 4>, 4>>>` is not satisfied\u001b[0m\n\u001b[0m  \u001b[0m\u001b[0m\u001b[1m\u001b[38;5;12m--> \u001b[0m\u001b[0msrc/circuits/age_verification/witness_calculator.rs:23:43\u001b[0m\n\u001b[0m   \u001b[0m\u001b[0m\u001b[1m\u001b[38;5;12m|\u001b[0m\n\u001b[0m\u001b[1m\u001b[38;5;12m23\u001b[0m\u001b[0m \u001b[0m\u001b[0m\u001b[1m\u001b[38;5;12m|\u001b[0m\u001b[0m \u001b[0m\u001b[0m        let age_var = UInt64::new_witness(cs.clone(), || {\u001b[0m\n\u001b[0m   \u001b[0m\u001b[0m\u001b[1m\u001b[38;5;12m|\u001b[0m\u001b[0m                       \u001b[0m\u001b[0m\u001b[1m\u001b[38;5;12m-------------------\u001b[0m\u001b[0m \u001b[0m\u001b[0m\u001b[1m\u001b[38;5;9m^^^^^^^^^^\u001b[0m\u001b[0m \u001b[0m\u001b[0m\u001b[1m\u001b[38;5;9munsatisfied trait bound\u001b[0m\n\u001b[0m   \u001b[0m\u001b[0m\u001b[1m\u001b[38;5;12m|\u001b[0m\u001b[0m                       \u001b[0m\u001b[0m\u001b[1m\u001b[38;5;12m|\u001b[0m\n\u001b[0m   \u001b[0m\u001b[0m\u001b[1m\u001b[38;5;12m|\u001b[0m\u001b[0m                       \u001b[0m\u001b[0m\u001b[1m\u001b[38;5;12mrequired by a bound introduced by this call\u001b[0m\n\u001b[0m   \u001b[0m\u001b[0m\u001b[1m\u001b[38;5;12m|\u001b[0m\n\u001b[0m   \u001b[0m\u001b[0m\u001b[1m\u001b[38;5;12m= \u001b[0m\u001b[0m\u001b[1mnote\u001b[0m\u001b[0m: the full name for the type has been written to '/Users/camerondenton/Desktop/Github/ZKP_Attribute_Verification_System/zkp_core/target/debug/deps/zkp_core-cafd32d8c91a142c.long-type-3547133021588487576.txt'\u001b[0m\n\u001b[0m   \u001b[0m\u001b[0m\u001b[1m\u001b[38;5;12m= \u001b[0m\u001b[0m\u001b[1mnote\u001b[0m\u001b[0m: consider using `--verbose` to print the full type name to the console\u001b[0m\n\u001b[0m   \u001b[0m\u001b[0m\u001b[1m\u001b[38;5;12m= \u001b[0m\u001b[0m\u001b[1mhelp\u001b[0m\u001b[0m: the trait `From<ConstraintSystemRef<ark_ff::fields::models::fp::Fp<ark_ff::fields::models::fp::montgomery_backend::MontBackend<FrConfig, 4>, 4>>>` is not implemented for `ark_relations_zypher::r1cs::constraint_system::Namespace<_>`\u001b[0m\n\u001b[0m   \u001b[0m\u001b[0m\u001b[1m\u001b[38;5;12m= \u001b[0m\u001b[0m\u001b[1mhelp\u001b[0m\u001b[0m: the trait `From<\u001b[0m\u001b[0m\u001b[1m\u001b[35mConstraintSystemRef<ark_ff::fields::models::fp::Fp<ark_ff::fields::models::fp::montgomery_backend::MontBackend<FrConfig, 4>, 4>>\u001b[0m\u001b[0m>` \u001b[0m\u001b[0m\u001b[1m\u001b[35mis not\u001b[0m\u001b[0m implemented for `ark_relations_zypher::r1cs::constraint_system::Namespace<_>`\u001b[0m\n\u001b[0m           but trait `From<\u001b[0m\u001b[0m\u001b[1m\u001b[35mark_relations_zypher::r1cs::constraint_system::ConstraintSystemRef<_>\u001b[0m\u001b[0m>` \u001b[0m\u001b[0m\u001b[1m\u001b[35mis\u001b[0m\u001b[0m implemented for it\u001b[0m\n\u001b[0m   \u001b[0m\u001b[0m\u001b[1m\u001b[38;5;12m= \u001b[0m\u001b[0m\u001b[1mhelp\u001b[0m\u001b[0m: for that trait implementation, expected `\u001b[0m\u001b[0m\u001b[1m\u001b[35mark_relations_zypher::r1cs::constraint_system::ConstraintSystemRef<_>\u001b[0m\u001b[0m`, found `\u001b[0m\u001b[0m\u001b[1m\u001b[35mConstraintSystemRef<ark_ff::fields::models::fp::Fp<ark_ff::fields::models::fp::montgomery_backend::MontBackend<FrConfig, 4>, 4>>\u001b[0m\u001b[0m`\u001b[0m\n\u001b[0m   \u001b[0m\u001b[0m\u001b[1m\u001b[38;5;12m= \u001b[0m\u001b[0m\u001b[1mnote\u001b[0m\u001b[0m: required for `ConstraintSystemRef<Fp<MontBackend<FrConfig, 4>, 4>>` to implement `Into<ark_relations_zypher::r1cs::constraint_system::Namespace<_>>`\u001b[0m\n\u001b[0m\u001b[1m\u001b[38;5;10mnote\u001b[0m\u001b[0m: required by a bound in `new_witness`\u001b[0m\n\u001b[0m  \u001b[0m\u001b[0m\u001b[1m\u001b[38;5;12m--> \u001b[0m\u001b[0m/Users/camerondenton/.cargo/registry/src/index.crates.io-1949cf8c6b5b557f/ark-r1cs-std-zypher-0.4.0/src/alloc.rs:74:18\u001b[0m\n\u001b[0m   \u001b[0m\u001b[0m\u001b[1m\u001b[38;5;12m|\u001b[0m\n\u001b[0m\u001b[1m\u001b[38;5;12m73\u001b[0m\u001b[0m \u001b[0m\u001b[0m\u001b[1m\u001b[38;5;12m|\u001b[0m\u001b[0m \u001b[0m\u001b[0m    fn new_witness<T: Borrow<V>>(\u001b[0m\n\u001b[0m   \u001b[0m\u001b[0m\u001b[1m\u001b[38;5;12m|\u001b[0m\u001b[0m        \u001b[0m\u001b[0m\u001b[1m\u001b[38;5;12m-----------\u001b[0m\u001b[0m \u001b[0m\u001b[0m\u001b[1m\u001b[38;5;12mrequired by a bound in this associated function\u001b[0m\n\u001b[0m\u001b[1m\u001b[38;5;12m74\u001b[0m\u001b[0m \u001b[0m\u001b[0m\u001b[1m\u001b[38;5;12m|\u001b[0m\u001b[0m \u001b[0m\u001b[0m        cs: impl Into<Namespace<F>>,\u001b[0m\n\u001b[0m   \u001b[0m\u001b[0m\u001b[1m\u001b[38;5;12m|\u001b[0m\u001b[0m                  \u001b[0m\u001b[0m\u001b[1m\u001b[38;5;10m^^^^^^^^^^^^^^^^^^\u001b[0m\u001b[0m \u001b[0m\u001b[0m\u001b[1m\u001b[38;5;10mrequired by this bound in `AllocVar::new_witness`\u001b[0m\n\u001b[0m   \u001b[0m\u001b[0m\u001b[1m\u001b[38;5;12m= \u001b[0m\u001b[0m\u001b[1mnote\u001b[0m\u001b[0m: the full name for the type has been written to '/Users/camerondenton/Desktop/Github/ZKP_Attribute_Verification_System/zkp_core/target/debug/deps/zkp_core-cafd32d8c91a142c.long-type-3547133021588487576.txt'\u001b[0m\n\u001b[0m   \u001b[0m\u001b[0m\u001b[1m\u001b[38;5;12m= \u001b[0m\u001b[0m\u001b[1mnote\u001b[0m\u001b[0m: consider using `--verbose` to print the full type name to the console\u001b[0m\n\u001b[0m\u001b[1m\u001b[38;5;14mhelp\u001b[0m\u001b[0m: consider removing this method call, as the receiver has type `ConstraintSystemRef<ark_ff::fields::models::fp::Fp<ark_ff::fields::models::fp::montgomery_backend::MontBackend<FrConfig, 4>, 4>>` and `ConstraintSystemRef<ark_ff::fields::models::fp::Fp<ark_ff::fields::models::fp::montgomery_backend::MontBackend<FrConfig, 4>, 4>>: From<ConstraintSystemRef<ark_ff::fields::models::fp::Fp<ark_ff::fields::models::fp::montgomery_backend::MontBackend<FrConfig, 4>, 4>>>` trivially holds\u001b[0m\n\u001b[0m   \u001b[0m\u001b[0m\u001b[1m\u001b[38;5;12m|\u001b[0m\n\u001b[0m\u001b[1m\u001b[38;5;12m23\u001b[0m\u001b[0m \u001b[0m\u001b[0m\u001b[38;5;9m- \u001b[0m\u001b[0m        let age_var = UInt64::new_witness(cs\u001b[0m\u001b[0m\u001b[38;5;9m.clone()\u001b[0m\u001b[0m, || {\u001b[0m\n\u001b[0m\u001b[1m\u001b[38;5;12m23\u001b[0m\u001b[0m \u001b[0m\u001b[0m\u001b[38;5;10m+ \u001b[0m\u001b[0m        let age_var = UInt64::new_witness(cs, || {\u001b[0m\n\u001b[0m   \u001b[0m\u001b[0m\u001b[1m\u001b[38;5;12m|\u001b[0m\n\n"}
{"$message_type":"diagnostic","message":"mismatched types","code":{"code":"E0308","explanation":"Expected type did not match the received type.\n\nErroneous code examples:\n\n```compile_fail,E0308\nfn plus_one(x: i32) -> i32 {\n    x + 1\n}\n\nplus_one(\"Not a number\");\n//       ^^^^^^^^^^^^^^ expected `i32`, found `&str`\n\nif \"Not a bool\" {\n// ^^^^^^^^^^^^ expected `bool`, found `&str`\n}\n\nlet x: f32 = \"Not a float\";\n//     ---   ^^^^^^^^^^^^^ expected `f32`, found `&str`\n//     |\n//     expected due to this\n```\n\nThis error occurs when an expression was used in a place where the compiler\nexpected an expression of a different type. It can occur in several cases, the\nmost common being when calling a function and passing an argument which has a\ndifferent type than the matching type in the function declaration.\n"},"level":"error","spans":[{"file_name":"src/circuits/age_verification/witness_calculator.rs","byte_start":837,"byte_end":870,"line_start":24,"line_end":24,"column_start":33,"column_end":66,"is_primary":true,"text":[{"text":"            self.user_age.ok_or(SynthesisError::AssignmentMissing)","highlight_start":33,"highlight_end":66}],"label":"expected `SynthesisError`, found a different `SynthesisError`","suggested_replacement":null,"suggestion_applicability":null,"expansion":null},{"file_name":"src/circuits/age_verification/witness_calculator.rs","byte_start":831,"byte_end":836,"line_start":24,"line_end":24,"column_start":27,"column_end":32,"is_primary":false,"text":[{"text":"            self.user_age.ok_or(SynthesisError::AssignmentMissing)","highlight_start":27,"highlight_end":32}],"label":"arguments to this method are incorrect","suggested_replacement":null,"suggestion_applicability":null,"expansion":null}],"children":[{"message":"`SynthesisError` and `SynthesisError` have similar names, but are actually distinct types","code":null,"level":"note","spans":[],"children":[],"rendered":null},{"message":"`SynthesisError` is defined in crate `ark_relations`","code":null,"level":"note","spans":[{"file_name":"/Users/camerondenton/.cargo/registry/src/index.crates.io-1949cf8c6b5b557f/ark-relations-0.5.1/src/r1cs/error.rs","byte_start":187,"byte_end":210,"line_start":6,"line_end":6,"column_start":1,"column_end":24,"is_primary":true,"text":[{"text":"pub enum SynthesisError {","highlight_start":1,"highlight_end":24}],"label":null,"suggested_replacement":null,"suggestion_applicability":null,"expansion":null}],"children":[],"rendered":null},{"message":"`SynthesisError` is defined in crate `ark_relations_zypher`","code":null,"level":"note","spans":[{"file_name":"/Users/camerondenton/.cargo/registry/src/index.crates.io-1949cf8c6b5b557f/ark-relations-zypher-0.4.0/src/r1cs/error.rs","byte_start":187,"byte_end":210,"line_start":6,"line_end":6,"column_start":1,"column_end":24,"is_primary":true,"text":[{"text":"pub enum SynthesisError {","highlight_start":1,"highlight_end":24}],"label":null,"suggested_replacement":null,"suggestion_applicability":null,"expansion":null}],"children":[],"rendered":null},{"message":"the return type of this call is `SynthesisError` due to the type of the argument passed","code":null,"level":"help","spans":[{"file_name":"src/circuits/age_verification/witness_calculator.rs","byte_start":837,"byte_end":870,"line_start":24,"line_end":24,"column_start":33,"column_end":66,"is_primary":false,"text":[{"text":"            self.user_age.ok_or(SynthesisError::AssignmentMissing)","highlight_start":33,"highlight_end":66}],"label":"this argument influences the return type of `ok_or`","suggested_replacement":null,"suggestion_applicability":null,"expansion":null},{"file_name":"src/circuits/age_verification/witness_calculator.rs","byte_start":817,"byte_end":871,"line_start":24,"line_end":24,"column_start":13,"column_end":67,"is_primary":true,"text":[{"text":"            self.user_age.ok_or(SynthesisError::AssignmentMissing)","highlight_start":13,"highlight_end":67}],"label":null,"suggested_replacement":null,"suggestion_applicability":null,"expansion":null}],"children":[],"rendered":null},{"message":"method defined here","code":null,"level":"note","spans":[{"file_name":"/rustc/4d91de4e48198da2e33413efdcd9cd2cc0c46688/library/core/src/option.rs","byte_start":45734,"byte_end":45739,"line_start":1252,"line_end":1252,"column_start":12,"column_end":17,"is_primary":true,"text":[],"label":null,"suggested_replacement":null,"suggestion_applicability":null,"expansion":null}],"children":[],"rendered":null}],"rendered":"\u001b[0m\u001b[1m\u001b[38;5;9merror[E0308]\u001b[0m\u001b[0m\u001b[1m: mismatched types\u001b[0m\n\u001b[0m  \u001b[0m\u001b[0m\u001b[1m\u001b[38;5;12m--> \u001b[0m\u001b[0msrc/circuits/age_verification/witness_calculator.rs:24:33\u001b[0m\n\u001b[0m   \u001b[0m\u001b[0m\u001b[1m\u001b[38;5;12m|\u001b[0m\n\u001b[0m\u001b[1m\u001b[38;5;12m24\u001b[0m\u001b[0m \u001b[0m\u001b[0m\u001b[1m\u001b[38;5;12m|\u001b[0m\u001b[0m \u001b[0m\u001b[0m            self.user_age.ok_or(SynthesisError::AssignmentMissing)\u001b[0m\n\u001b[0m   \u001b[0m\u001b[0m\u001b[1m\u001b[38;5;12m|\u001b[0m\u001b[0m                           \u001b[0m\u001b[0m\u001b[1m\u001b[38;5;12m-----\u001b[0m\u001b[0m \u001b[0m\u001b[0m\u001b[1m\u001b[38;5;9m^^^^^^^^^^^^^^^^^^^^^^^^^^^^^^^^^\u001b[0m\u001b[0m \u001b[0m\u001b[0m\u001b[1m\u001b[38;5;9mexpected `SynthesisError`, found a different `SynthesisError`\u001b[0m\n\u001b[0m   \u001b[0m\u001b[0m\u001b[1m\u001b[38;5;12m|\u001b[0m\u001b[0m                           \u001b[0m\u001b[0m\u001b[1m\u001b[38;5;12m|\u001b[0m\n\u001b[0m   \u001b[0m\u001b[0m\u001b[1m\u001b[38;5;12m|\u001b[0m\u001b[0m                           \u001b[0m\u001b[0m\u001b[1m\u001b[38;5;12marguments to this method are incorrect\u001b[0m\n\u001b[0m   \u001b[0m\u001b[0m\u001b[1m\u001b[38;5;12m|\u001b[0m\n\u001b[0m   \u001b[0m\u001b[0m\u001b[1m\u001b[38;5;12m= \u001b[0m\u001b[0m\u001b[1mnote\u001b[0m\u001b[0m: `SynthesisError` and `SynthesisError` have similar names, but are actually distinct types\u001b[0m\n\u001b[0m\u001b[1m\u001b[38;5;10mnote\u001b[0m\u001b[0m: `SynthesisError` is defined in crate `ark_relations`\u001b[0m\n\u001b[0m  \u001b[0m\u001b[0m\u001b[1m\u001b[38;5;12m--> \u001b[0m\u001b[0m/Users/camerondenton/.cargo/registry/src/index.crates.io-1949cf8c6b5b557f/ark-relations-0.5.1/src/r1cs/error.rs:6:1\u001b[0m\n\u001b[0m   \u001b[0m\u001b[0m\u001b[1m\u001b[38;5;12m|\u001b[0m\n\u001b[0m\u001b[1m\u001b[38;5;12m6\u001b[0m\u001b[0m  \u001b[0m\u001b[0m\u001b[1m\u001b[38;5;12m|\u001b[0m\u001b[0m \u001b[0m\u001b[0mpub enum SynthesisError {\u001b[0m\n\u001b[0m   \u001b[0m\u001b[0m\u001b[1m\u001b[38;5;12m|\u001b[0m\u001b[0m \u001b[0m\u001b[0m\u001b[1m\u001b[38;5;10m^^^^^^^^^^^^^^^^^^^^^^^\u001b[0m\n\u001b[0m\u001b[1m\u001b[38;5;10mnote\u001b[0m\u001b[0m: `SynthesisError` is defined in crate `ark_relations_zypher`\u001b[0m\n\u001b[0m  \u001b[0m\u001b[0m\u001b[1m\u001b[38;5;12m--> \u001b[0m\u001b[0m/Users/camerondenton/.cargo/registry/src/index.crates.io-1949cf8c6b5b557f/ark-relations-zypher-0.4.0/src/r1cs/error.rs:6:1\u001b[0m\n\u001b[0m   \u001b[0m\u001b[0m\u001b[1m\u001b[38;5;12m|\u001b[0m\n\u001b[0m\u001b[1m\u001b[38;5;12m6\u001b[0m\u001b[0m  \u001b[0m\u001b[0m\u001b[1m\u001b[38;5;12m|\u001b[0m\u001b[0m \u001b[0m\u001b[0mpub enum SynthesisError {\u001b[0m\n\u001b[0m   \u001b[0m\u001b[0m\u001b[1m\u001b[38;5;12m|\u001b[0m\u001b[0m \u001b[0m\u001b[0m\u001b[1m\u001b[38;5;10m^^^^^^^^^^^^^^^^^^^^^^^\u001b[0m\n\u001b[0m\u001b[1m\u001b[38;5;14mhelp\u001b[0m\u001b[0m: the return type of this call is `SynthesisError` due to the type of the argument passed\u001b[0m\n\u001b[0m  \u001b[0m\u001b[0m\u001b[1m\u001b[38;5;12m--> \u001b[0m\u001b[0msrc/circuits/age_verification/witness_calculator.rs:24:13\u001b[0m\n\u001b[0m   \u001b[0m\u001b[0m\u001b[1m\u001b[38;5;12m|\u001b[0m\n\u001b[0m\u001b[1m\u001b[38;5;12m24\u001b[0m\u001b[0m \u001b[0m\u001b[0m\u001b[1m\u001b[38;5;12m|\u001b[0m\u001b[0m \u001b[0m\u001b[0m            self.user_age.ok_or(SynthesisError::AssignmentMissing)\u001b[0m\n\u001b[0m   \u001b[0m\u001b[0m\u001b[1m\u001b[38;5;12m|\u001b[0m\u001b[0m             \u001b[0m\u001b[0m\u001b[1m\u001b[38;5;14m^^^^^^^^^^^^^^^^^^^^\u001b[0m\u001b[0m\u001b[1m\u001b[38;5;12m---------------------------------\u001b[0m\u001b[0m\u001b[1m\u001b[38;5;14m^\u001b[0m\n\u001b[0m   \u001b[0m\u001b[0m\u001b[1m\u001b[38;5;12m|\u001b[0m\u001b[0m                                 \u001b[0m\u001b[0m\u001b[1m\u001b[38;5;12m|\u001b[0m\n\u001b[0m   \u001b[0m\u001b[0m\u001b[1m\u001b[38;5;12m|\u001b[0m\u001b[0m                                 \u001b[0m\u001b[0m\u001b[1m\u001b[38;5;12mthis argument influences the return type of `ok_or`\u001b[0m\n\u001b[0m\u001b[1m\u001b[38;5;10mnote\u001b[0m\u001b[0m: method defined here\u001b[0m\n\u001b[0m  \u001b[0m\u001b[0m\u001b[1m\u001b[38;5;12m--> \u001b[0m\u001b[0m/rustc/4d91de4e48198da2e33413efdcd9cd2cc0c46688/library/core/src/option.rs:1252:12\u001b[0m\n\n"}
{"$message_type":"diagnostic","message":"`?` couldn't convert the error to `SynthesisError`","code":{"code":"E0277","explanation":"You tried to use a type which doesn't implement some trait in a place which\nexpected that trait.\n\nErroneous code example:\n\n```compile_fail,E0277\n// here we declare the Foo trait with a bar method\ntrait Foo {\n    fn bar(&self);\n}\n\n// we now declare a function which takes an object implementing the Foo trait\nfn some_func<T: Foo>(foo: T) {\n    foo.bar();\n}\n\nfn main() {\n    // we now call the method with the i32 type, which doesn't implement\n    // the Foo trait\n    some_func(5i32); // error: the trait bound `i32 : Foo` is not satisfied\n}\n```\n\nIn order to fix this error, verify that the type you're using does implement\nthe trait. Example:\n\n```\ntrait Foo {\n    fn bar(&self);\n}\n\n// we implement the trait on the i32 type\nimpl Foo for i32 {\n    fn bar(&self) {}\n}\n\nfn some_func<T: Foo>(foo: T) {\n    foo.bar(); // we can now use this method since i32 implements the\n               // Foo trait\n}\n\nfn main() {\n    some_func(5i32); // ok!\n}\n```\n\nOr in a generic context, an erroneous code example would look like:\n\n```compile_fail,E0277\nfn some_func<T>(foo: T) {\n    println!(\"{:?}\", foo); // error: the trait `core::fmt::Debug` is not\n                           //        implemented for the type `T`\n}\n\nfn main() {\n    // We now call the method with the i32 type,\n    // which *does* implement the Debug trait.\n    some_func(5i32);\n}\n```\n\nNote that the error here is in the definition of the generic function. Although\nwe only call it with a parameter that does implement `Debug`, the compiler\nstill rejects the function. It must work with all possible input types. In\norder to make this example compile, we need to restrict the generic type we're\naccepting:\n\n```\nuse std::fmt;\n\n// Restrict the input type to types that implement Debug.\nfn some_func<T: fmt::Debug>(foo: T) {\n    println!(\"{:?}\", foo);\n}\n\nfn main() {\n    // Calling the method is still fine, as i32 implements Debug.\n    some_func(5i32);\n\n    // This would fail to compile now:\n    // struct WithoutDebug;\n    // some_func(WithoutDebug);\n}\n```\n\nRust only looks at the signature of the called function, as such it must\nalready specify all requirements that will be used for every type parameter.\n"},"level":"error","spans":[{"file_name":"src/circuits/age_verification/witness_calculator.rs","byte_start":882,"byte_end":883,"line_start":25,"line_end":25,"column_start":11,"column_end":12,"is_primary":true,"text":[{"text":"        })?;","highlight_start":11,"highlight_end":12}],"label":"the trait `From<ark_relations_zypher::r1cs::error::SynthesisError>` is not implemented for `SynthesisError`","suggested_replacement":null,"suggestion_applicability":null,"expansion":{"span":{"file_name":"src/circuits/age_verification/witness_calculator.rs","byte_start":882,"byte_end":883,"line_start":25,"line_end":25,"column_start":11,"column_end":12,"is_primary":false,"text":[{"text":"        })?;","highlight_start":11,"highlight_end":12}],"label":null,"suggested_replacement":null,"suggestion_applicability":null,"expansion":null},"macro_decl_name":"desugaring of operator `?`","def_site_span":{"file_name":"src/lib.rs","byte_start":0,"byte_end":0,"line_start":1,"line_end":1,"column_start":1,"column_end":1,"is_primary":false,"text":[],"label":null,"suggested_replacement":null,"suggestion_applicability":null,"expansion":null}}}],"children":[{"message":"the question mark operation (`?`) implicitly performs a conversion on the error value using the `From` trait","code":null,"level":"note","spans":[],"children":[],"rendered":null},{"message":"the trait `FromResidual<Result<Infallible, E>>` is implemented for `Result<T, F>`","code":null,"level":"help","spans":[],"children":[],"rendered":null},{"message":"required for `Result<(), SynthesisError>` to implement `FromResidual<Result<Infallible, ark_relations_zypher::r1cs::error::SynthesisError>>`","code":null,"level":"note","spans":[],"children":[],"rendered":null}],"rendered":"\u001b[0m\u001b[1m\u001b[38;5;9merror[E0277]\u001b[0m\u001b[0m\u001b[1m: `?` couldn't convert the error to `SynthesisError`\u001b[0m\n\u001b[0m  \u001b[0m\u001b[0m\u001b[1m\u001b[38;5;12m--> \u001b[0m\u001b[0msrc/circuits/age_verification/witness_calculator.rs:25:11\u001b[0m\n\u001b[0m   \u001b[0m\u001b[0m\u001b[1m\u001b[38;5;12m|\u001b[0m\n\u001b[0m\u001b[1m\u001b[38;5;12m25\u001b[0m\u001b[0m \u001b[0m\u001b[0m\u001b[1m\u001b[38;5;12m|\u001b[0m\u001b[0m \u001b[0m\u001b[0m        })?;\u001b[0m\n\u001b[0m   \u001b[0m\u001b[0m\u001b[1m\u001b[38;5;12m|\u001b[0m\u001b[0m           \u001b[0m\u001b[0m\u001b[1m\u001b[38;5;9m^\u001b[0m\u001b[0m \u001b[0m\u001b[0m\u001b[1m\u001b[38;5;9mthe trait `From<ark_relations_zypher::r1cs::error::SynthesisError>` is not implemented for `SynthesisError`\u001b[0m\n\u001b[0m   \u001b[0m\u001b[0m\u001b[1m\u001b[38;5;12m|\u001b[0m\n\u001b[0m   \u001b[0m\u001b[0m\u001b[1m\u001b[38;5;12m= \u001b[0m\u001b[0m\u001b[1mnote\u001b[0m\u001b[0m: the question mark operation (`?`) implicitly performs a conversion on the error value using the `From` trait\u001b[0m\n\u001b[0m   \u001b[0m\u001b[0m\u001b[1m\u001b[38;5;12m= \u001b[0m\u001b[0m\u001b[1mhelp\u001b[0m\u001b[0m: the trait `FromResidual<Result<Infallible, E>>` \u001b[0m\u001b[0m\u001b[1m\u001b[35mis\u001b[0m\u001b[0m implemented for `\u001b[0m\u001b[0m\u001b[1m\u001b[35mResult<T, F>\u001b[0m\u001b[0m`\u001b[0m\n\u001b[0m   \u001b[0m\u001b[0m\u001b[1m\u001b[38;5;12m= \u001b[0m\u001b[0m\u001b[1mnote\u001b[0m\u001b[0m: required for `Result<(), SynthesisError>` to implement `FromResidual<Result<Infallible, ark_relations_zypher::r1cs::error::SynthesisError>>`\u001b[0m\n\n"}
{"$message_type":"diagnostic","message":"the trait bound `ark_relations_zypher::r1cs::constraint_system::Namespace<_>: From<ConstraintSystemRef<ark_ff::fields::models::fp::Fp<ark_ff::fields::models::fp::montgomery_backend::MontBackend<FrConfig, 4>, 4>>>` is not satisfied","code":{"code":"E0277","explanation":"You tried to use a type which doesn't implement some trait in a place which\nexpected that trait.\n\nErroneous code example:\n\n```compile_fail,E0277\n// here we declare the Foo trait with a bar method\ntrait Foo {\n    fn bar(&self);\n}\n\n// we now declare a function which takes an object implementing the Foo trait\nfn some_func<T: Foo>(foo: T) {\n    foo.bar();\n}\n\nfn main() {\n    // we now call the method with the i32 type, which doesn't implement\n    // the Foo trait\n    some_func(5i32); // error: the trait bound `i32 : Foo` is not satisfied\n}\n```\n\nIn order to fix this error, verify that the type you're using does implement\nthe trait. Example:\n\n```\ntrait Foo {\n    fn bar(&self);\n}\n\n// we implement the trait on the i32 type\nimpl Foo for i32 {\n    fn bar(&self) {}\n}\n\nfn some_func<T: Foo>(foo: T) {\n    foo.bar(); // we can now use this method since i32 implements the\n               // Foo trait\n}\n\nfn main() {\n    some_func(5i32); // ok!\n}\n```\n\nOr in a generic context, an erroneous code example would look like:\n\n```compile_fail,E0277\nfn some_func<T>(foo: T) {\n    println!(\"{:?}\", foo); // error: the trait `core::fmt::Debug` is not\n                           //        implemented for the type `T`\n}\n\nfn main() {\n    // We now call the method with the i32 type,\n    // which *does* implement the Debug trait.\n    some_func(5i32);\n}\n```\n\nNote that the error here is in the definition of the generic function. Although\nwe only call it with a parameter that does implement `Debug`, the compiler\nstill rejects the function. It must work with all possible input types. In\norder to make this example compile, we need to restrict the generic type we're\naccepting:\n\n```\nuse std::fmt;\n\n// Restrict the input type to types that implement Debug.\nfn some_func<T: fmt::Debug>(foo: T) {\n    println!(\"{:?}\", foo);\n}\n\nfn main() {\n    // Calling the method is still fine, as i32 implements Debug.\n    some_func(5i32);\n\n    // This would fail to compile now:\n    // struct WithoutDebug;\n    // some_func(WithoutDebug);\n}\n```\n\nRust only looks at the signature of the called function, as such it must\nalready specify all requirements that will be used for every type parameter.\n"},"level":"error","spans":[{"file_name":"src/circuits/age_verification/witness_calculator.rs","byte_start":1003,"byte_end":1013,"line_start":28,"line_end":28,"column_start":45,"column_end":55,"is_primary":true,"text":[{"text":"        let min_age_var = UInt64::new_input(cs.clone(), || {","highlight_start":45,"highlight_end":55}],"label":"unsatisfied trait bound","suggested_replacement":null,"suggestion_applicability":null,"expansion":null},{"file_name":"src/circuits/age_verification/witness_calculator.rs","byte_start":985,"byte_end":1002,"line_start":28,"line_end":28,"column_start":27,"column_end":44,"is_primary":false,"text":[{"text":"        let min_age_var = UInt64::new_input(cs.clone(), || {","highlight_start":27,"highlight_end":44}],"label":"required by a bound introduced by this call","suggested_replacement":null,"suggestion_applicability":null,"expansion":null}],"children":[{"message":"the full name for the type has been written to '/Users/camerondenton/Desktop/Github/ZKP_Attribute_Verification_System/zkp_core/target/debug/deps/zkp_core-cafd32d8c91a142c.long-type-3547133021588487576.txt'","code":null,"level":"note","spans":[],"children":[],"rendered":null},{"message":"consider using `--verbose` to print the full type name to the console","code":null,"level":"note","spans":[],"children":[],"rendered":null},{"message":"the trait `From<ConstraintSystemRef<ark_ff::fields::models::fp::Fp<ark_ff::fields::models::fp::montgomery_backend::MontBackend<FrConfig, 4>, 4>>>` is not implemented for `ark_relations_zypher::r1cs::constraint_system::Namespace<_>`","code":null,"level":"help","spans":[],"children":[],"rendered":null},{"message":"the trait `From<ConstraintSystemRef<ark_ff::fields::models::fp::Fp<ark_ff::fields::models::fp::montgomery_backend::MontBackend<FrConfig, 4>, 4>>>` is not implemented for `ark_relations_zypher::r1cs::constraint_system::Namespace<_>`\nbut trait `From<ark_relations_zypher::r1cs::constraint_system::ConstraintSystemRef<_>>` is implemented for it","code":null,"level":"help","spans":[],"children":[],"rendered":null},{"message":"for that trait implementation, expected `ark_relations_zypher::r1cs::constraint_system::ConstraintSystemRef<_>`, found `ConstraintSystemRef<ark_ff::fields::models::fp::Fp<ark_ff::fields::models::fp::montgomery_backend::MontBackend<FrConfig, 4>, 4>>`","code":null,"level":"help","spans":[],"children":[],"rendered":null},{"message":"required for `ConstraintSystemRef<Fp<MontBackend<FrConfig, 4>, 4>>` to implement `Into<ark_relations_zypher::r1cs::constraint_system::Namespace<_>>`","code":null,"level":"note","spans":[],"children":[],"rendered":null},{"message":"required by a bound in `new_input`","code":null,"level":"note","spans":[{"file_name":"/Users/camerondenton/.cargo/registry/src/index.crates.io-1949cf8c6b5b557f/ark-r1cs-std-zypher-0.4.0/src/alloc.rs","byte_start":2246,"byte_end":2255,"line_start":63,"line_end":63,"column_start":8,"column_end":17,"is_primary":false,"text":[{"text":"    fn new_input<T: Borrow<V>>(","highlight_start":8,"highlight_end":17}],"label":"required by a bound in this associated function","suggested_replacement":null,"suggestion_applicability":null,"expansion":null},{"file_name":"/Users/camerondenton/.cargo/registry/src/index.crates.io-1949cf8c6b5b557f/ark-r1cs-std-zypher-0.4.0/src/alloc.rs","byte_start":2288,"byte_end":2306,"line_start":64,"line_end":64,"column_start":18,"column_end":36,"is_primary":true,"text":[{"text":"        cs: impl Into<Namespace<F>>,","highlight_start":18,"highlight_end":36}],"label":"required by this bound in `AllocVar::new_input`","suggested_replacement":null,"suggestion_applicability":null,"expansion":null}],"children":[],"rendered":null},{"message":"the full name for the type has been written to '/Users/camerondenton/Desktop/Github/ZKP_Attribute_Verification_System/zkp_core/target/debug/deps/zkp_core-cafd32d8c91a142c.long-type-3547133021588487576.txt'","code":null,"level":"note","spans":[],"children":[],"rendered":null},{"message":"consider using `--verbose` to print the full type name to the console","code":null,"level":"note","spans":[],"children":[],"rendered":null},{"message":"consider removing this method call, as the receiver has type `ConstraintSystemRef<ark_ff::fields::models::fp::Fp<ark_ff::fields::models::fp::montgomery_backend::MontBackend<FrConfig, 4>, 4>>` and `ConstraintSystemRef<ark_ff::fields::models::fp::Fp<ark_ff::fields::models::fp::montgomery_backend::MontBackend<FrConfig, 4>, 4>>: From<ConstraintSystemRef<ark_ff::fields::models::fp::Fp<ark_ff::fields::models::fp::montgomery_backend::MontBackend<FrConfig, 4>, 4>>>` trivially holds","code":null,"level":"help","spans":[{"file_name":"src/circuits/age_verification/witness_calculator.rs","byte_start":1005,"byte_end":1013,"line_start":28,"line_end":28,"column_start":47,"column_end":55,"is_primary":true,"text":[{"text":"        let min_age_var = UInt64::new_input(cs.clone(), || {","highlight_start":47,"highlight_end":55}],"label":null,"suggested_replacement":"","suggestion_applicability":"MaybeIncorrect","expansion":null}],"children":[],"rendered":null}],"rendered":"\u001b[0m\u001b[1m\u001b[38;5;9merror[E0277]\u001b[0m\u001b[0m\u001b[1m: the trait bound `ark_relations_zypher::r1cs::constraint_system::Namespace<_>: From<ConstraintSystemRef<ark_ff::fields::models::fp::Fp<ark_ff::fields::models::fp::montgomery_backend::MontBackend<FrConfig, 4>, 4>>>` is not satisfied\u001b[0m\n\u001b[0m  \u001b[0m\u001b[0m\u001b[1m\u001b[38;5;12m--> \u001b[0m\u001b[0msrc/circuits/age_verification/witness_calculator.rs:28:45\u001b[0m\n\u001b[0m   \u001b[0m\u001b[0m\u001b[1m\u001b[38;5;12m|\u001b[0m\n\u001b[0m\u001b[1m\u001b[38;5;12m28\u001b[0m\u001b[0m \u001b[0m\u001b[0m\u001b[1m\u001b[38;5;12m|\u001b[0m\u001b[0m \u001b[0m\u001b[0m        let min_age_var = UInt64::new_input(cs.clone(), || {\u001b[0m\n\u001b[0m   \u001b[0m\u001b[0m\u001b[1m\u001b[38;5;12m|\u001b[0m\u001b[0m                           \u001b[0m\u001b[0m\u001b[1m\u001b[38;5;12m-----------------\u001b[0m\u001b[0m \u001b[0m\u001b[0m\u001b[1m\u001b[38;5;9m^^^^^^^^^^\u001b[0m\u001b[0m \u001b[0m\u001b[0m\u001b[1m\u001b[38;5;9munsatisfied trait bound\u001b[0m\n\u001b[0m   \u001b[0m\u001b[0m\u001b[1m\u001b[38;5;12m|\u001b[0m\u001b[0m                           \u001b[0m\u001b[0m\u001b[1m\u001b[38;5;12m|\u001b[0m\n\u001b[0m   \u001b[0m\u001b[0m\u001b[1m\u001b[38;5;12m|\u001b[0m\u001b[0m                           \u001b[0m\u001b[0m\u001b[1m\u001b[38;5;12mrequired by a bound introduced by this call\u001b[0m\n\u001b[0m   \u001b[0m\u001b[0m\u001b[1m\u001b[38;5;12m|\u001b[0m\n\u001b[0m   \u001b[0m\u001b[0m\u001b[1m\u001b[38;5;12m= \u001b[0m\u001b[0m\u001b[1mnote\u001b[0m\u001b[0m: the full name for the type has been written to '/Users/camerondenton/Desktop/Github/ZKP_Attribute_Verification_System/zkp_core/target/debug/deps/zkp_core-cafd32d8c91a142c.long-type-3547133021588487576.txt'\u001b[0m\n\u001b[0m   \u001b[0m\u001b[0m\u001b[1m\u001b[38;5;12m= \u001b[0m\u001b[0m\u001b[1mnote\u001b[0m\u001b[0m: consider using `--verbose` to print the full type name to the console\u001b[0m\n\u001b[0m   \u001b[0m\u001b[0m\u001b[1m\u001b[38;5;12m= \u001b[0m\u001b[0m\u001b[1mhelp\u001b[0m\u001b[0m: the trait `From<ConstraintSystemRef<ark_ff::fields::models::fp::Fp<ark_ff::fields::models::fp::montgomery_backend::MontBackend<FrConfig, 4>, 4>>>` is not implemented for `ark_relations_zypher::r1cs::constraint_system::Namespace<_>`\u001b[0m\n\u001b[0m   \u001b[0m\u001b[0m\u001b[1m\u001b[38;5;12m= \u001b[0m\u001b[0m\u001b[1mhelp\u001b[0m\u001b[0m: the trait `From<\u001b[0m\u001b[0m\u001b[1m\u001b[35mConstraintSystemRef<ark_ff::fields::models::fp::Fp<ark_ff::fields::models::fp::montgomery_backend::MontBackend<FrConfig, 4>, 4>>\u001b[0m\u001b[0m>` \u001b[0m\u001b[0m\u001b[1m\u001b[35mis not\u001b[0m\u001b[0m implemented for `ark_relations_zypher::r1cs::constraint_system::Namespace<_>`\u001b[0m\n\u001b[0m           but trait `From<\u001b[0m\u001b[0m\u001b[1m\u001b[35mark_relations_zypher::r1cs::constraint_system::ConstraintSystemRef<_>\u001b[0m\u001b[0m>` \u001b[0m\u001b[0m\u001b[1m\u001b[35mis\u001b[0m\u001b[0m implemented for it\u001b[0m\n\u001b[0m   \u001b[0m\u001b[0m\u001b[1m\u001b[38;5;12m= \u001b[0m\u001b[0m\u001b[1mhelp\u001b[0m\u001b[0m: for that trait implementation, expected `\u001b[0m\u001b[0m\u001b[1m\u001b[35mark_relations_zypher::r1cs::constraint_system::ConstraintSystemRef<_>\u001b[0m\u001b[0m`, found `\u001b[0m\u001b[0m\u001b[1m\u001b[35mConstraintSystemRef<ark_ff::fields::models::fp::Fp<ark_ff::fields::models::fp::montgomery_backend::MontBackend<FrConfig, 4>, 4>>\u001b[0m\u001b[0m`\u001b[0m\n\u001b[0m   \u001b[0m\u001b[0m\u001b[1m\u001b[38;5;12m= \u001b[0m\u001b[0m\u001b[1mnote\u001b[0m\u001b[0m: required for `ConstraintSystemRef<Fp<MontBackend<FrConfig, 4>, 4>>` to implement `Into<ark_relations_zypher::r1cs::constraint_system::Namespace<_>>`\u001b[0m\n\u001b[0m\u001b[1m\u001b[38;5;10mnote\u001b[0m\u001b[0m: required by a bound in `new_input`\u001b[0m\n\u001b[0m  \u001b[0m\u001b[0m\u001b[1m\u001b[38;5;12m--> \u001b[0m\u001b[0m/Users/camerondenton/.cargo/registry/src/index.crates.io-1949cf8c6b5b557f/ark-r1cs-std-zypher-0.4.0/src/alloc.rs:64:18\u001b[0m\n\u001b[0m   \u001b[0m\u001b[0m\u001b[1m\u001b[38;5;12m|\u001b[0m\n\u001b[0m\u001b[1m\u001b[38;5;12m63\u001b[0m\u001b[0m \u001b[0m\u001b[0m\u001b[1m\u001b[38;5;12m|\u001b[0m\u001b[0m \u001b[0m\u001b[0m    fn new_input<T: Borrow<V>>(\u001b[0m\n\u001b[0m   \u001b[0m\u001b[0m\u001b[1m\u001b[38;5;12m|\u001b[0m\u001b[0m        \u001b[0m\u001b[0m\u001b[1m\u001b[38;5;12m---------\u001b[0m\u001b[0m \u001b[0m\u001b[0m\u001b[1m\u001b[38;5;12mrequired by a bound in this associated function\u001b[0m\n\u001b[0m\u001b[1m\u001b[38;5;12m64\u001b[0m\u001b[0m \u001b[0m\u001b[0m\u001b[1m\u001b[38;5;12m|\u001b[0m\u001b[0m \u001b[0m\u001b[0m        cs: impl Into<Namespace<F>>,\u001b[0m\n\u001b[0m   \u001b[0m\u001b[0m\u001b[1m\u001b[38;5;12m|\u001b[0m\u001b[0m                  \u001b[0m\u001b[0m\u001b[1m\u001b[38;5;10m^^^^^^^^^^^^^^^^^^\u001b[0m\u001b[0m \u001b[0m\u001b[0m\u001b[1m\u001b[38;5;10mrequired by this bound in `AllocVar::new_input`\u001b[0m\n\u001b[0m   \u001b[0m\u001b[0m\u001b[1m\u001b[38;5;12m= \u001b[0m\u001b[0m\u001b[1mnote\u001b[0m\u001b[0m: the full name for the type has been written to '/Users/camerondenton/Desktop/Github/ZKP_Attribute_Verification_System/zkp_core/target/debug/deps/zkp_core-cafd32d8c91a142c.long-type-3547133021588487576.txt'\u001b[0m\n\u001b[0m   \u001b[0m\u001b[0m\u001b[1m\u001b[38;5;12m= \u001b[0m\u001b[0m\u001b[1mnote\u001b[0m\u001b[0m: consider using `--verbose` to print the full type name to the console\u001b[0m\n\u001b[0m\u001b[1m\u001b[38;5;14mhelp\u001b[0m\u001b[0m: consider removing this method call, as the receiver has type `ConstraintSystemRef<ark_ff::fields::models::fp::Fp<ark_ff::fields::models::fp::montgomery_backend::MontBackend<FrConfig, 4>, 4>>` and `ConstraintSystemRef<ark_ff::fields::models::fp::Fp<ark_ff::fields::models::fp::montgomery_backend::MontBackend<FrConfig, 4>, 4>>: From<ConstraintSystemRef<ark_ff::fields::models::fp::Fp<ark_ff::fields::models::fp::montgomery_backend::MontBackend<FrConfig, 4>, 4>>>` trivially holds\u001b[0m\n\u001b[0m   \u001b[0m\u001b[0m\u001b[1m\u001b[38;5;12m|\u001b[0m\n\u001b[0m\u001b[1m\u001b[38;5;12m28\u001b[0m\u001b[0m \u001b[0m\u001b[0m\u001b[38;5;9m- \u001b[0m\u001b[0m        let min_age_var = UInt64::new_input(cs\u001b[0m\u001b[0m\u001b[38;5;9m.clone()\u001b[0m\u001b[0m, || {\u001b[0m\n\u001b[0m\u001b[1m\u001b[38;5;12m28\u001b[0m\u001b[0m \u001b[0m\u001b[0m\u001b[38;5;10m+ \u001b[0m\u001b[0m        let min_age_var = UInt64::new_input(cs, || {\u001b[0m\n\u001b[0m   \u001b[0m\u001b[0m\u001b[1m\u001b[38;5;12m|\u001b[0m\n\n"}
{"$message_type":"diagnostic","message":"mismatched types","code":{"code":"E0308","explanation":"Expected type did not match the received type.\n\nErroneous code examples:\n\n```compile_fail,E0308\nfn plus_one(x: i32) -> i32 {\n    x + 1\n}\n\nplus_one(\"Not a number\");\n//       ^^^^^^^^^^^^^^ expected `i32`, found `&str`\n\nif \"Not a bool\" {\n// ^^^^^^^^^^^^ expected `bool`, found `&str`\n}\n\nlet x: f32 = \"Not a float\";\n//     ---   ^^^^^^^^^^^^^ expected `f32`, found `&str`\n//     |\n//     expected due to this\n```\n\nThis error occurs when an expression was used in a place where the compiler\nexpected an expression of a different type. It can occur in several cases, the\nmost common being when calling a function and passing an argument which has a\ndifferent type than the matching type in the function declaration.\n"},"level":"error","spans":[{"file_name":"src/circuits/age_verification/witness_calculator.rs","byte_start":1051,"byte_end":1084,"line_start":29,"line_end":29,"column_start":32,"column_end":65,"is_primary":true,"text":[{"text":"            self.min_age.ok_or(SynthesisError::AssignmentMissing)","highlight_start":32,"highlight_end":65}],"label":"expected `SynthesisError`, found a different `SynthesisError`","suggested_replacement":null,"suggestion_applicability":null,"expansion":null},{"file_name":"src/circuits/age_verification/witness_calculator.rs","byte_start":1045,"byte_end":1050,"line_start":29,"line_end":29,"column_start":26,"column_end":31,"is_primary":false,"text":[{"text":"            self.min_age.ok_or(SynthesisError::AssignmentMissing)","highlight_start":26,"highlight_end":31}],"label":"arguments to this method are incorrect","suggested_replacement":null,"suggestion_applicability":null,"expansion":null}],"children":[{"message":"`SynthesisError` and `SynthesisError` have similar names, but are actually distinct types","code":null,"level":"note","spans":[],"children":[],"rendered":null},{"message":"`SynthesisError` is defined in crate `ark_relations`","code":null,"level":"note","spans":[{"file_name":"/Users/camerondenton/.cargo/registry/src/index.crates.io-1949cf8c6b5b557f/ark-relations-0.5.1/src/r1cs/error.rs","byte_start":187,"byte_end":210,"line_start":6,"line_end":6,"column_start":1,"column_end":24,"is_primary":true,"text":[{"text":"pub enum SynthesisError {","highlight_start":1,"highlight_end":24}],"label":null,"suggested_replacement":null,"suggestion_applicability":null,"expansion":null}],"children":[],"rendered":null},{"message":"`SynthesisError` is defined in crate `ark_relations_zypher`","code":null,"level":"note","spans":[{"file_name":"/Users/camerondenton/.cargo/registry/src/index.crates.io-1949cf8c6b5b557f/ark-relations-zypher-0.4.0/src/r1cs/error.rs","byte_start":187,"byte_end":210,"line_start":6,"line_end":6,"column_start":1,"column_end":24,"is_primary":true,"text":[{"text":"pub enum SynthesisError {","highlight_start":1,"highlight_end":24}],"label":null,"suggested_replacement":null,"suggestion_applicability":null,"expansion":null}],"children":[],"rendered":null},{"message":"the return type of this call is `SynthesisError` due to the type of the argument passed","code":null,"level":"help","spans":[{"file_name":"src/circuits/age_verification/witness_calculator.rs","byte_start":1051,"byte_end":1084,"line_start":29,"line_end":29,"column_start":32,"column_end":65,"is_primary":false,"text":[{"text":"            self.min_age.ok_or(SynthesisError::AssignmentMissing)","highlight_start":32,"highlight_end":65}],"label":"this argument influences the return type of `ok_or`","suggested_replacement":null,"suggestion_applicability":null,"expansion":null},{"file_name":"src/circuits/age_verification/witness_calculator.rs","byte_start":1032,"byte_end":1085,"line_start":29,"line_end":29,"column_start":13,"column_end":66,"is_primary":true,"text":[{"text":"            self.min_age.ok_or(SynthesisError::AssignmentMissing)","highlight_start":13,"highlight_end":66}],"label":null,"suggested_replacement":null,"suggestion_applicability":null,"expansion":null}],"children":[],"rendered":null},{"message":"method defined here","code":null,"level":"note","spans":[{"file_name":"/rustc/4d91de4e48198da2e33413efdcd9cd2cc0c46688/library/core/src/option.rs","byte_start":45734,"byte_end":45739,"line_start":1252,"line_end":1252,"column_start":12,"column_end":17,"is_primary":true,"text":[],"label":null,"suggested_replacement":null,"suggestion_applicability":null,"expansion":null}],"children":[],"rendered":null}],"rendered":"\u001b[0m\u001b[1m\u001b[38;5;9merror[E0308]\u001b[0m\u001b[0m\u001b[1m: mismatched types\u001b[0m\n\u001b[0m  \u001b[0m\u001b[0m\u001b[1m\u001b[38;5;12m--> \u001b[0m\u001b[0msrc/circuits/age_verification/witness_calculator.rs:29:32\u001b[0m\n\u001b[0m   \u001b[0m\u001b[0m\u001b[1m\u001b[38;5;12m|\u001b[0m\n\u001b[0m\u001b[1m\u001b[38;5;12m29\u001b[0m\u001b[0m \u001b[0m\u001b[0m\u001b[1m\u001b[38;5;12m|\u001b[0m\u001b[0m \u001b[0m\u001b[0m            self.min_age.ok_or(SynthesisError::AssignmentMissing)\u001b[0m\n\u001b[0m   \u001b[0m\u001b[0m\u001b[1m\u001b[38;5;12m|\u001b[0m\u001b[0m                          \u001b[0m\u001b[0m\u001b[1m\u001b[38;5;12m-----\u001b[0m\u001b[0m \u001b[0m\u001b[0m\u001b[1m\u001b[38;5;9m^^^^^^^^^^^^^^^^^^^^^^^^^^^^^^^^^\u001b[0m\u001b[0m \u001b[0m\u001b[0m\u001b[1m\u001b[38;5;9mexpected `SynthesisError`, found a different `SynthesisError`\u001b[0m\n\u001b[0m   \u001b[0m\u001b[0m\u001b[1m\u001b[38;5;12m|\u001b[0m\u001b[0m                          \u001b[0m\u001b[0m\u001b[1m\u001b[38;5;12m|\u001b[0m\n\u001b[0m   \u001b[0m\u001b[0m\u001b[1m\u001b[38;5;12m|\u001b[0m\u001b[0m                          \u001b[0m\u001b[0m\u001b[1m\u001b[38;5;12marguments to this method are incorrect\u001b[0m\n\u001b[0m   \u001b[0m\u001b[0m\u001b[1m\u001b[38;5;12m|\u001b[0m\n\u001b[0m   \u001b[0m\u001b[0m\u001b[1m\u001b[38;5;12m= \u001b[0m\u001b[0m\u001b[1mnote\u001b[0m\u001b[0m: `SynthesisError` and `SynthesisError` have similar names, but are actually distinct types\u001b[0m\n\u001b[0m\u001b[1m\u001b[38;5;10mnote\u001b[0m\u001b[0m: `SynthesisError` is defined in crate `ark_relations`\u001b[0m\n\u001b[0m  \u001b[0m\u001b[0m\u001b[1m\u001b[38;5;12m--> \u001b[0m\u001b[0m/Users/camerondenton/.cargo/registry/src/index.crates.io-1949cf8c6b5b557f/ark-relations-0.5.1/src/r1cs/error.rs:6:1\u001b[0m\n\u001b[0m   \u001b[0m\u001b[0m\u001b[1m\u001b[38;5;12m|\u001b[0m\n\u001b[0m\u001b[1m\u001b[38;5;12m6\u001b[0m\u001b[0m  \u001b[0m\u001b[0m\u001b[1m\u001b[38;5;12m|\u001b[0m\u001b[0m \u001b[0m\u001b[0mpub enum SynthesisError {\u001b[0m\n\u001b[0m   \u001b[0m\u001b[0m\u001b[1m\u001b[38;5;12m|\u001b[0m\u001b[0m \u001b[0m\u001b[0m\u001b[1m\u001b[38;5;10m^^^^^^^^^^^^^^^^^^^^^^^\u001b[0m\n\u001b[0m\u001b[1m\u001b[38;5;10mnote\u001b[0m\u001b[0m: `SynthesisError` is defined in crate `ark_relations_zypher`\u001b[0m\n\u001b[0m  \u001b[0m\u001b[0m\u001b[1m\u001b[38;5;12m--> \u001b[0m\u001b[0m/Users/camerondenton/.cargo/registry/src/index.crates.io-1949cf8c6b5b557f/ark-relations-zypher-0.4.0/src/r1cs/error.rs:6:1\u001b[0m\n\u001b[0m   \u001b[0m\u001b[0m\u001b[1m\u001b[38;5;12m|\u001b[0m\n\u001b[0m\u001b[1m\u001b[38;5;12m6\u001b[0m\u001b[0m  \u001b[0m\u001b[0m\u001b[1m\u001b[38;5;12m|\u001b[0m\u001b[0m \u001b[0m\u001b[0mpub enum SynthesisError {\u001b[0m\n\u001b[0m   \u001b[0m\u001b[0m\u001b[1m\u001b[38;5;12m|\u001b[0m\u001b[0m \u001b[0m\u001b[0m\u001b[1m\u001b[38;5;10m^^^^^^^^^^^^^^^^^^^^^^^\u001b[0m\n\u001b[0m\u001b[1m\u001b[38;5;14mhelp\u001b[0m\u001b[0m: the return type of this call is `SynthesisError` due to the type of the argument passed\u001b[0m\n\u001b[0m  \u001b[0m\u001b[0m\u001b[1m\u001b[38;5;12m--> \u001b[0m\u001b[0msrc/circuits/age_verification/witness_calculator.rs:29:13\u001b[0m\n\u001b[0m   \u001b[0m\u001b[0m\u001b[1m\u001b[38;5;12m|\u001b[0m\n\u001b[0m\u001b[1m\u001b[38;5;12m29\u001b[0m\u001b[0m \u001b[0m\u001b[0m\u001b[1m\u001b[38;5;12m|\u001b[0m\u001b[0m \u001b[0m\u001b[0m            self.min_age.ok_or(SynthesisError::AssignmentMissing)\u001b[0m\n\u001b[0m   \u001b[0m\u001b[0m\u001b[1m\u001b[38;5;12m|\u001b[0m\u001b[0m             \u001b[0m\u001b[0m\u001b[1m\u001b[38;5;14m^^^^^^^^^^^^^^^^^^^\u001b[0m\u001b[0m\u001b[1m\u001b[38;5;12m---------------------------------\u001b[0m\u001b[0m\u001b[1m\u001b[38;5;14m^\u001b[0m\n\u001b[0m   \u001b[0m\u001b[0m\u001b[1m\u001b[38;5;12m|\u001b[0m\u001b[0m                                \u001b[0m\u001b[0m\u001b[1m\u001b[38;5;12m|\u001b[0m\n\u001b[0m   \u001b[0m\u001b[0m\u001b[1m\u001b[38;5;12m|\u001b[0m\u001b[0m                                \u001b[0m\u001b[0m\u001b[1m\u001b[38;5;12mthis argument influences the return type of `ok_or`\u001b[0m\n\u001b[0m\u001b[1m\u001b[38;5;10mnote\u001b[0m\u001b[0m: method defined here\u001b[0m\n\u001b[0m  \u001b[0m\u001b[0m\u001b[1m\u001b[38;5;12m--> \u001b[0m\u001b[0m/rustc/4d91de4e48198da2e33413efdcd9cd2cc0c46688/library/core/src/option.rs:1252:12\u001b[0m\n\n"}
{"$message_type":"diagnostic","message":"`?` couldn't convert the error to `SynthesisError`","code":{"code":"E0277","explanation":"You tried to use a type which doesn't implement some trait in a place which\nexpected that trait.\n\nErroneous code example:\n\n```compile_fail,E0277\n// here we declare the Foo trait with a bar method\ntrait Foo {\n    fn bar(&self);\n}\n\n// we now declare a function which takes an object implementing the Foo trait\nfn some_func<T: Foo>(foo: T) {\n    foo.bar();\n}\n\nfn main() {\n    // we now call the method with the i32 type, which doesn't implement\n    // the Foo trait\n    some_func(5i32); // error: the trait bound `i32 : Foo` is not satisfied\n}\n```\n\nIn order to fix this error, verify that the type you're using does implement\nthe trait. Example:\n\n```\ntrait Foo {\n    fn bar(&self);\n}\n\n// we implement the trait on the i32 type\nimpl Foo for i32 {\n    fn bar(&self) {}\n}\n\nfn some_func<T: Foo>(foo: T) {\n    foo.bar(); // we can now use this method since i32 implements the\n               // Foo trait\n}\n\nfn main() {\n    some_func(5i32); // ok!\n}\n```\n\nOr in a generic context, an erroneous code example would look like:\n\n```compile_fail,E0277\nfn some_func<T>(foo: T) {\n    println!(\"{:?}\", foo); // error: the trait `core::fmt::Debug` is not\n                           //        implemented for the type `T`\n}\n\nfn main() {\n    // We now call the method with the i32 type,\n    // which *does* implement the Debug trait.\n    some_func(5i32);\n}\n```\n\nNote that the error here is in the definition of the generic function. Although\nwe only call it with a parameter that does implement `Debug`, the compiler\nstill rejects the function. It must work with all possible input types. In\norder to make this example compile, we need to restrict the generic type we're\naccepting:\n\n```\nuse std::fmt;\n\n// Restrict the input type to types that implement Debug.\nfn some_func<T: fmt::Debug>(foo: T) {\n    println!(\"{:?}\", foo);\n}\n\nfn main() {\n    // Calling the method is still fine, as i32 implements Debug.\n    some_func(5i32);\n\n    // This would fail to compile now:\n    // struct WithoutDebug;\n    // some_func(WithoutDebug);\n}\n```\n\nRust only looks at the signature of the called function, as such it must\nalready specify all requirements that will be used for every type parameter.\n"},"level":"error","spans":[{"file_name":"src/circuits/age_verification/witness_calculator.rs","byte_start":1096,"byte_end":1097,"line_start":30,"line_end":30,"column_start":11,"column_end":12,"is_primary":true,"text":[{"text":"        })?;","highlight_start":11,"highlight_end":12}],"label":"the trait `From<ark_relations_zypher::r1cs::error::SynthesisError>` is not implemented for `SynthesisError`","suggested_replacement":null,"suggestion_applicability":null,"expansion":{"span":{"file_name":"src/circuits/age_verification/witness_calculator.rs","byte_start":1096,"byte_end":1097,"line_start":30,"line_end":30,"column_start":11,"column_end":12,"is_primary":false,"text":[{"text":"        })?;","highlight_start":11,"highlight_end":12}],"label":null,"suggested_replacement":null,"suggestion_applicability":null,"expansion":null},"macro_decl_name":"desugaring of operator `?`","def_site_span":{"file_name":"src/lib.rs","byte_start":0,"byte_end":0,"line_start":1,"line_end":1,"column_start":1,"column_end":1,"is_primary":false,"text":[],"label":null,"suggested_replacement":null,"suggestion_applicability":null,"expansion":null}}}],"children":[{"message":"the question mark operation (`?`) implicitly performs a conversion on the error value using the `From` trait","code":null,"level":"note","spans":[],"children":[],"rendered":null},{"message":"the trait `FromResidual<Result<Infallible, E>>` is implemented for `Result<T, F>`","code":null,"level":"help","spans":[],"children":[],"rendered":null},{"message":"required for `Result<(), SynthesisError>` to implement `FromResidual<Result<Infallible, ark_relations_zypher::r1cs::error::SynthesisError>>`","code":null,"level":"note","spans":[],"children":[],"rendered":null}],"rendered":"\u001b[0m\u001b[1m\u001b[38;5;9merror[E0277]\u001b[0m\u001b[0m\u001b[1m: `?` couldn't convert the error to `SynthesisError`\u001b[0m\n\u001b[0m  \u001b[0m\u001b[0m\u001b[1m\u001b[38;5;12m--> \u001b[0m\u001b[0msrc/circuits/age_verification/witness_calculator.rs:30:11\u001b[0m\n\u001b[0m   \u001b[0m\u001b[0m\u001b[1m\u001b[38;5;12m|\u001b[0m\n\u001b[0m\u001b[1m\u001b[38;5;12m30\u001b[0m\u001b[0m \u001b[0m\u001b[0m\u001b[1m\u001b[38;5;12m|\u001b[0m\u001b[0m \u001b[0m\u001b[0m        })?;\u001b[0m\n\u001b[0m   \u001b[0m\u001b[0m\u001b[1m\u001b[38;5;12m|\u001b[0m\u001b[0m           \u001b[0m\u001b[0m\u001b[1m\u001b[38;5;9m^\u001b[0m\u001b[0m \u001b[0m\u001b[0m\u001b[1m\u001b[38;5;9mthe trait `From<ark_relations_zypher::r1cs::error::SynthesisError>` is not implemented for `SynthesisError`\u001b[0m\n\u001b[0m   \u001b[0m\u001b[0m\u001b[1m\u001b[38;5;12m|\u001b[0m\n\u001b[0m   \u001b[0m\u001b[0m\u001b[1m\u001b[38;5;12m= \u001b[0m\u001b[0m\u001b[1mnote\u001b[0m\u001b[0m: the question mark operation (`?`) implicitly performs a conversion on the error value using the `From` trait\u001b[0m\n\u001b[0m   \u001b[0m\u001b[0m\u001b[1m\u001b[38;5;12m= \u001b[0m\u001b[0m\u001b[1mhelp\u001b[0m\u001b[0m: the trait `FromResidual<Result<Infallible, E>>` \u001b[0m\u001b[0m\u001b[1m\u001b[35mis\u001b[0m\u001b[0m implemented for `\u001b[0m\u001b[0m\u001b[1m\u001b[35mResult<T, F>\u001b[0m\u001b[0m`\u001b[0m\n\u001b[0m   \u001b[0m\u001b[0m\u001b[1m\u001b[38;5;12m= \u001b[0m\u001b[0m\u001b[1mnote\u001b[0m\u001b[0m: required for `Result<(), SynthesisError>` to implement `FromResidual<Result<Infallible, ark_relations_zypher::r1cs::error::SynthesisError>>`\u001b[0m\n\n"}
{"$message_type":"diagnostic","message":"`?` couldn't convert the error to `SynthesisError`","code":{"code":"E0277","explanation":"You tried to use a type which doesn't implement some trait in a place which\nexpected that trait.\n\nErroneous code example:\n\n```compile_fail,E0277\n// here we declare the Foo trait with a bar method\ntrait Foo {\n    fn bar(&self);\n}\n\n// we now declare a function which takes an object implementing the Foo trait\nfn some_func<T: Foo>(foo: T) {\n    foo.bar();\n}\n\nfn main() {\n    // we now call the method with the i32 type, which doesn't implement\n    // the Foo trait\n    some_func(5i32); // error: the trait bound `i32 : Foo` is not satisfied\n}\n```\n\nIn order to fix this error, verify that the type you're using does implement\nthe trait. Example:\n\n```\ntrait Foo {\n    fn bar(&self);\n}\n\n// we implement the trait on the i32 type\nimpl Foo for i32 {\n    fn bar(&self) {}\n}\n\nfn some_func<T: Foo>(foo: T) {\n    foo.bar(); // we can now use this method since i32 implements the\n               // Foo trait\n}\n\nfn main() {\n    some_func(5i32); // ok!\n}\n```\n\nOr in a generic context, an erroneous code example would look like:\n\n```compile_fail,E0277\nfn some_func<T>(foo: T) {\n    println!(\"{:?}\", foo); // error: the trait `core::fmt::Debug` is not\n                           //        implemented for the type `T`\n}\n\nfn main() {\n    // We now call the method with the i32 type,\n    // which *does* implement the Debug trait.\n    some_func(5i32);\n}\n```\n\nNote that the error here is in the definition of the generic function. Although\nwe only call it with a parameter that does implement `Debug`, the compiler\nstill rejects the function. It must work with all possible input types. In\norder to make this example compile, we need to restrict the generic type we're\naccepting:\n\n```\nuse std::fmt;\n\n// Restrict the input type to types that implement Debug.\nfn some_func<T: fmt::Debug>(foo: T) {\n    println!(\"{:?}\", foo);\n}\n\nfn main() {\n    // Calling the method is still fine, as i32 implements Debug.\n    some_func(5i32);\n\n    // This would fail to compile now:\n    // struct WithoutDebug;\n    // some_func(WithoutDebug);\n}\n```\n\nRust only looks at the signature of the called function, as such it must\nalready specify all requirements that will be used for every type parameter.\n"},"level":"error","spans":[{"file_name":"src/circuits/age_verification/witness_calculator.rs","byte_start":1299,"byte_end":1300,"line_start":34,"line_end":34,"column_start":46,"column_end":47,"is_primary":true,"text":[{"text":"        let cmp = age_var.is_ge(&min_age_var)?;","highlight_start":46,"highlight_end":47}],"label":"the trait `From<ark_relations_zypher::r1cs::error::SynthesisError>` is not implemented for `SynthesisError`","suggested_replacement":null,"suggestion_applicability":null,"expansion":{"span":{"file_name":"src/circuits/age_verification/witness_calculator.rs","byte_start":1299,"byte_end":1300,"line_start":34,"line_end":34,"column_start":46,"column_end":47,"is_primary":false,"text":[{"text":"        let cmp = age_var.is_ge(&min_age_var)?;","highlight_start":46,"highlight_end":47}],"label":null,"suggested_replacement":null,"suggestion_applicability":null,"expansion":null},"macro_decl_name":"desugaring of operator `?`","def_site_span":{"file_name":"src/lib.rs","byte_start":0,"byte_end":0,"line_start":1,"line_end":1,"column_start":1,"column_end":1,"is_primary":false,"text":[],"label":null,"suggested_replacement":null,"suggestion_applicability":null,"expansion":null}}}],"children":[{"message":"the question mark operation (`?`) implicitly performs a conversion on the error value using the `From` trait","code":null,"level":"note","spans":[],"children":[],"rendered":null},{"message":"the trait `FromResidual<Result<Infallible, E>>` is implemented for `Result<T, F>`","code":null,"level":"help","spans":[],"children":[],"rendered":null},{"message":"required for `Result<(), SynthesisError>` to implement `FromResidual<Result<Infallible, ark_relations_zypher::r1cs::error::SynthesisError>>`","code":null,"level":"note","spans":[],"children":[],"rendered":null}],"rendered":"\u001b[0m\u001b[1m\u001b[38;5;9merror[E0277]\u001b[0m\u001b[0m\u001b[1m: `?` couldn't convert the error to `SynthesisError`\u001b[0m\n\u001b[0m  \u001b[0m\u001b[0m\u001b[1m\u001b[38;5;12m--> \u001b[0m\u001b[0msrc/circuits/age_verification/witness_calculator.rs:34:46\u001b[0m\n\u001b[0m   \u001b[0m\u001b[0m\u001b[1m\u001b[38;5;12m|\u001b[0m\n\u001b[0m\u001b[1m\u001b[38;5;12m34\u001b[0m\u001b[0m \u001b[0m\u001b[0m\u001b[1m\u001b[38;5;12m|\u001b[0m\u001b[0m \u001b[0m\u001b[0m        let cmp = age_var.is_ge(&min_age_var)?;\u001b[0m\n\u001b[0m   \u001b[0m\u001b[0m\u001b[1m\u001b[38;5;12m|\u001b[0m\u001b[0m                                              \u001b[0m\u001b[0m\u001b[1m\u001b[38;5;9m^\u001b[0m\u001b[0m \u001b[0m\u001b[0m\u001b[1m\u001b[38;5;9mthe trait `From<ark_relations_zypher::r1cs::error::SynthesisError>` is not implemented for `SynthesisError`\u001b[0m\n\u001b[0m   \u001b[0m\u001b[0m\u001b[1m\u001b[38;5;12m|\u001b[0m\n\u001b[0m   \u001b[0m\u001b[0m\u001b[1m\u001b[38;5;12m= \u001b[0m\u001b[0m\u001b[1mnote\u001b[0m\u001b[0m: the question mark operation (`?`) implicitly performs a conversion on the error value using the `From` trait\u001b[0m\n\u001b[0m   \u001b[0m\u001b[0m\u001b[1m\u001b[38;5;12m= \u001b[0m\u001b[0m\u001b[1mhelp\u001b[0m\u001b[0m: the trait `FromResidual<Result<Infallible, E>>` \u001b[0m\u001b[0m\u001b[1m\u001b[35mis\u001b[0m\u001b[0m implemented for `\u001b[0m\u001b[0m\u001b[1m\u001b[35mResult<T, F>\u001b[0m\u001b[0m`\u001b[0m\n\u001b[0m   \u001b[0m\u001b[0m\u001b[1m\u001b[38;5;12m= \u001b[0m\u001b[0m\u001b[1mnote\u001b[0m\u001b[0m: required for `Result<(), SynthesisError>` to implement `FromResidual<Result<Infallible, ark_relations_zypher::r1cs::error::SynthesisError>>`\u001b[0m\n\n"}
{"$message_type":"diagnostic","message":"`?` couldn't convert the error to `SynthesisError`","code":{"code":"E0277","explanation":"You tried to use a type which doesn't implement some trait in a place which\nexpected that trait.\n\nErroneous code example:\n\n```compile_fail,E0277\n// here we declare the Foo trait with a bar method\ntrait Foo {\n    fn bar(&self);\n}\n\n// we now declare a function which takes an object implementing the Foo trait\nfn some_func<T: Foo>(foo: T) {\n    foo.bar();\n}\n\nfn main() {\n    // we now call the method with the i32 type, which doesn't implement\n    // the Foo trait\n    some_func(5i32); // error: the trait bound `i32 : Foo` is not satisfied\n}\n```\n\nIn order to fix this error, verify that the type you're using does implement\nthe trait. Example:\n\n```\ntrait Foo {\n    fn bar(&self);\n}\n\n// we implement the trait on the i32 type\nimpl Foo for i32 {\n    fn bar(&self) {}\n}\n\nfn some_func<T: Foo>(foo: T) {\n    foo.bar(); // we can now use this method since i32 implements the\n               // Foo trait\n}\n\nfn main() {\n    some_func(5i32); // ok!\n}\n```\n\nOr in a generic context, an erroneous code example would look like:\n\n```compile_fail,E0277\nfn some_func<T>(foo: T) {\n    println!(\"{:?}\", foo); // error: the trait `core::fmt::Debug` is not\n                           //        implemented for the type `T`\n}\n\nfn main() {\n    // We now call the method with the i32 type,\n    // which *does* implement the Debug trait.\n    some_func(5i32);\n}\n```\n\nNote that the error here is in the definition of the generic function. Although\nwe only call it with a parameter that does implement `Debug`, the compiler\nstill rejects the function. It must work with all possible input types. In\norder to make this example compile, we need to restrict the generic type we're\naccepting:\n\n```\nuse std::fmt;\n\n// Restrict the input type to types that implement Debug.\nfn some_func<T: fmt::Debug>(foo: T) {\n    println!(\"{:?}\", foo);\n}\n\nfn main() {\n    // Calling the method is still fine, as i32 implements Debug.\n    some_func(5i32);\n\n    // This would fail to compile now:\n    // struct WithoutDebug;\n    // some_func(WithoutDebug);\n}\n```\n\nRust only looks at the signature of the called function, as such it must\nalready specify all requirements that will be used for every type parameter.\n"},"level":"error","spans":[{"file_name":"src/circuits/age_verification/witness_calculator.rs","byte_start":1353,"byte_end":1354,"line_start":35,"line_end":35,"column_start":52,"column_end":53,"is_primary":true,"text":[{"text":"        cmp.enforce_equal(&Boolean::constant(true))?;","highlight_start":52,"highlight_end":53}],"label":"the trait `From<ark_relations_zypher::r1cs::error::SynthesisError>` is not implemented for `SynthesisError`","suggested_replacement":null,"suggestion_applicability":null,"expansion":{"span":{"file_name":"src/circuits/age_verification/witness_calculator.rs","byte_start":1353,"byte_end":1354,"line_start":35,"line_end":35,"column_start":52,"column_end":53,"is_primary":false,"text":[{"text":"        cmp.enforce_equal(&Boolean::constant(true))?;","highlight_start":52,"highlight_end":53}],"label":null,"suggested_replacement":null,"suggestion_applicability":null,"expansion":null},"macro_decl_name":"desugaring of operator `?`","def_site_span":{"file_name":"src/lib.rs","byte_start":0,"byte_end":0,"line_start":1,"line_end":1,"column_start":1,"column_end":1,"is_primary":false,"text":[],"label":null,"suggested_replacement":null,"suggestion_applicability":null,"expansion":null}}}],"children":[{"message":"the question mark operation (`?`) implicitly performs a conversion on the error value using the `From` trait","code":null,"level":"note","spans":[],"children":[],"rendered":null},{"message":"the trait `FromResidual<Result<Infallible, E>>` is implemented for `Result<T, F>`","code":null,"level":"help","spans":[],"children":[],"rendered":null},{"message":"required for `Result<(), SynthesisError>` to implement `FromResidual<Result<Infallible, ark_relations_zypher::r1cs::error::SynthesisError>>`","code":null,"level":"note","spans":[],"children":[],"rendered":null}],"rendered":"\u001b[0m\u001b[1m\u001b[38;5;9merror[E0277]\u001b[0m\u001b[0m\u001b[1m: `?` couldn't convert the error to `SynthesisError`\u001b[0m\n\u001b[0m  \u001b[0m\u001b[0m\u001b[1m\u001b[38;5;12m--> \u001b[0m\u001b[0msrc/circuits/age_verification/witness_calculator.rs:35:52\u001b[0m\n\u001b[0m   \u001b[0m\u001b[0m\u001b[1m\u001b[38;5;12m|\u001b[0m\n\u001b[0m\u001b[1m\u001b[38;5;12m35\u001b[0m\u001b[0m \u001b[0m\u001b[0m\u001b[1m\u001b[38;5;12m|\u001b[0m\u001b[0m \u001b[0m\u001b[0m        cmp.enforce_equal(&Boolean::constant(true))?;\u001b[0m\n\u001b[0m   \u001b[0m\u001b[0m\u001b[1m\u001b[38;5;12m|\u001b[0m\u001b[0m                                                    \u001b[0m\u001b[0m\u001b[1m\u001b[38;5;9m^\u001b[0m\u001b[0m \u001b[0m\u001b[0m\u001b[1m\u001b[38;5;9mthe trait `From<ark_relations_zypher::r1cs::error::SynthesisError>` is not implemented for `SynthesisError`\u001b[0m\n\u001b[0m   \u001b[0m\u001b[0m\u001b[1m\u001b[38;5;12m|\u001b[0m\n\u001b[0m   \u001b[0m\u001b[0m\u001b[1m\u001b[38;5;12m= \u001b[0m\u001b[0m\u001b[1mnote\u001b[0m\u001b[0m: the question mark operation (`?`) implicitly performs a conversion on the error value using the `From` trait\u001b[0m\n\u001b[0m   \u001b[0m\u001b[0m\u001b[1m\u001b[38;5;12m= \u001b[0m\u001b[0m\u001b[1mhelp\u001b[0m\u001b[0m: the trait `FromResidual<Result<Infallible, E>>` \u001b[0m\u001b[0m\u001b[1m\u001b[35mis\u001b[0m\u001b[0m implemented for `\u001b[0m\u001b[0m\u001b[1m\u001b[35mResult<T, F>\u001b[0m\u001b[0m`\u001b[0m\n\u001b[0m   \u001b[0m\u001b[0m\u001b[1m\u001b[38;5;12m= \u001b[0m\u001b[0m\u001b[1mnote\u001b[0m\u001b[0m: required for `Result<(), SynthesisError>` to implement `FromResidual<Result<Infallible, ark_relations_zypher::r1cs::error::SynthesisError>>`\u001b[0m\n\n"}
{"$message_type":"diagnostic","message":"aborting due to 10 previous errors","code":null,"level":"error","spans":[],"children":[],"rendered":"\u001b[0m\u001b[1m\u001b[38;5;9merror\u001b[0m\u001b[0m\u001b[1m: aborting due to 10 previous errors\u001b[0m\n\n"}
{"$message_type":"diagnostic","message":"Some errors have detailed explanations: E0277, E0308, E0599.","code":null,"level":"failure-note","spans":[],"children":[],"rendered":"\u001b[0m\u001b[1mSome errors have detailed explanations: E0277, E0308, E0599.\u001b[0m\n"}
{"$message_type":"diagnostic","message":"For more information about an error, try `rustc --explain E0277`.","code":null,"level":"failure-note","spans":[],"children":[],"rendered":"\u001b[0m\u001b[1mFor more information about an error, try `rustc --explain E0277`.\u001b[0m\n"}
